<?xml version="1.0" encoding="UTF-8"?>
<testng-results ignored="0" total="1" passed="1" failed="0" skipped="0">
  <reporter-output>
  </reporter-output>
  <suite started-at="2023-02-14T12:15:24 IST" name="OpencartSuite" finished-at="2023-02-14T12:16:09 IST" duration-ms="44940">
    <groups>
    </groups>
    <test started-at="2023-02-14T12:15:24 IST" name="OpencartTest" finished-at="2023-02-14T12:16:09 IST" duration-ms="44940">
      <class name="testCases.TC_RF_005">
        <test-method is-config="true" signature="setup()[pri:0, instance:testCases.TC_RF_005@3b0fe47a]" started-at="2023-02-14T12:15:26 IST" name="setup" finished-at="2023-02-14T12:15:55 IST" duration-ms="28809" status="PASS">
          <reporter-output>
          </reporter-output>
        </test-method> <!-- setup -->
        <test-method signature="yesNewsletter()[pri:0, instance:testCases.TC_RF_005@3b0fe47a]" started-at="2023-02-14T12:15:55 IST" name="yesNewsletter" finished-at="2023-02-14T12:16:05 IST" duration-ms="9880" status="PASS">
          <reporter-output>
          </reporter-output>
        </test-method> <!-- yesNewsletter -->
        <test-method is-config="true" signature="tearDown()[pri:0, instance:testCases.TC_RF_005@3b0fe47a]" started-at="2023-02-14T12:16:05 IST" name="tearDown" finished-at="2023-02-14T12:16:09 IST" duration-ms="3964" status="PASS">
          <reporter-output>
          </reporter-output>
        </test-method> <!-- tearDown -->
      </class> <!-- testCases.TC_RF_005 -->
    </test> <!-- OpencartTest -->
  </suite> <!-- OpencartSuite -->
</testng-results>
